Set parameter Username
Set parameter LicenseID to value 2587732
Academic license - for non-commercial use only - expires 2025-11-20
Set parameter Username
Set parameter LicenseID to value 2587732
Academic license - for non-commercial use only - expires 2025-11-20
warm up ...
total time 16.650370836257935
8 non dominated sols 
[175.0, 52.0]
sol: [0.0, 0.0, 1.0, 0.0, 1.0]
[153.0, 81.0]
sol: [0.0, 1.0, 1.0, 0.0, 0.0]
[124.0, 93.0]
sol: [0.0, 1.0, 0.0, 0.0, 1.0]
[119.0, 149.0]
sol: [0.0, 0.0, 1.0, 1.0, 0.0]
[116.0, 153.0]
sol: [1.0, 0.0, 1.0, 0.0, 0.0]
[41.0, 213.0]
sol: [0.0, 1.0, 0.0, 1.0, 0.0]
[35.0, 230.0]
sol: [1.0, 0.0, 0.0, 1.0, 0.0]
[0.0, 237.0]
sol: [1.0, 1.0, 0.0, 0.0, 0.0]


 -------------- node 1 
UBS = [] size=0



 # ----------- node 1 : 
depth = 0 
pred = 12 
var[ nothing ] = 0.0 
activated = false 
pruned = false 
pruned_type = NONE
succs = [ 2, 3,  ]
LBS = [(y=[-405.2755548128108, -494.8259942733474]; λ=[0.0, 1.0]; is_integer=false; x = Set([[0.5407129891921529, 0.48931037884787665, 0.31667540175214626, 0.5155814749671839, 0.1377197552406486]]) )
 , 
] size=1




 -------------- node 3 
UBS = [] size=0



 # ----------- node 3 : 
depth = 1 
pred = 1 
var[ MOI.VariableIndex(1) ] = 0.0 
activated = false 
pruned = false 
pruned_type = NONE
succs = [ 4, 5,  ]
LBS = [(y=[-355.7705242691629, -306.8050347929145]; λ=[1.0, 0.0]; is_integer=false; x = Set([[0.0, 0.44865589787551347, 0.5784350649561357, 0.41152977900608173, 0.5613792581622693]]) )
 , 
] size=1




 -------------- node 5 
UBS = [] size=0



 # ----------- node 5 : 
depth = 2 
pred = 3 
var[ MOI.VariableIndex(2) ] = 0.0 
activated = false 
pruned = false 
pruned_type = NONE
succs = [ 6, 7,  ]
LBS = [(y=[-261.75066435066844, -209.67020482094188]; λ=[1.0, 0.0]; is_integer=false; x = Set([[0.0, 0.0, 0.7092012218481769, 0.5933015366276388, 0.697497241524184]]) )
 , 
] size=1




 -------------- node 7 
UBS = [(y=[-142.0, -77.0]; λ=[1.0, 0.0]; is_integer=true; x = Set([[0.0, 0.0, 0.0, 1.0, 1.0]]) )
 , 
] size=1



 # ----------- node 7 : 
depth = 3 
pred = 5 
var[ MOI.VariableIndex(3) ] = 0.0 
activated = false 
pruned = true 
pruned_type = INTEGRITY
succs = [  ]
LBS = [(y=[-142.0, -77.0]; λ=[1.0, 0.0]; is_integer=true; x = Set([[0.0, 0.0, 0.0, 1.0, 1.0]]) )
 , 
] size=1




 -------------- node 6 
UBS = [(y=[-142.0, -77.0]; λ=[1.0, 0.0]; is_integer=true; x = Set([[0.0, 0.0, 0.0, 1.0, 1.0]]) )
 , 
(y=[-119.0, -149.0]; λ=[0.0, 1.0]; is_integer=true; x = Set([[0.0, 0.0, 1.0, 1.0, 0.0]]) )
 , 
] size=2



 # ----------- node 6 : 
depth = 3 
pred = 5 
var[ MOI.VariableIndex(3) ] = 1.0 
activated = false 
pruned = false 
pruned_type = NONE
succs = [ 8, 9,  ]
LBS = [(y=[-224.1308438447502, -141.3083913663859]; λ=[1.0, 0.0]; is_integer=false; x = Set([[0.0, 0.0, 1.0, 0.4060402626653317, 0.5939597373346684]]) )
 , 
(y=[-119.0, -149.0]; λ=[0.0, 1.0]; is_integer=true; x = Set([[0.0, 0.0, 1.0, 1.0, 0.0]]) )
 , 
] size=2




 -------------- node 9 
UBS = [(y=[-175.0, -52.0]; λ=[1.0, 0.0]; is_integer=true; x = Set([[0.0, 0.0, 1.0, 0.0, 1.0]]) )
 , 
(y=[-142.0, -77.0]; λ=[1.0, 0.0]; is_integer=true; x = Set([[0.0, 0.0, 0.0, 1.0, 1.0]]) )
 , 
(y=[-119.0, -149.0]; λ=[0.0, 1.0]; is_integer=true; x = Set([[0.0, 0.0, 1.0, 1.0, 0.0]]) )
 , 
] size=3



 # ----------- node 9 : 
depth = 4 
pred = 6 
var[ MOI.VariableIndex(4) ] = 0.0 
activated = false 
pruned = true 
pruned_type = INTEGRITY
succs = [  ]
LBS = [(y=[-175.0, -52.0]; λ=[1.0, 0.0]; is_integer=true; x = Set([[0.0, 0.0, 1.0, 0.0, 1.0]]) )
 , 
] size=1




 -------------- node 8 
UBS = [(y=[-175.0, -52.0]; λ=[1.0, 0.0]; is_integer=true; x = Set([[0.0, 0.0, 1.0, 0.0, 1.0]]) )
 , 
(y=[-142.0, -77.0]; λ=[1.0, 0.0]; is_integer=true; x = Set([[0.0, 0.0, 0.0, 1.0, 1.0]]) )
 , 
(y=[-119.0, -149.0]; λ=[0.0, 1.0]; is_integer=true; x = Set([[0.0, 0.0, 1.0, 1.0, 0.0]]) )
 , 
] size=3



 # ----------- node 8 : 
depth = 4 
pred = 6 
var[ MOI.VariableIndex(4) ] = 1.0 
activated = false 
pruned = true 
pruned_type = INTEGRITY
succs = [  ]
LBS = [(y=[-119.0, -149.0]; λ=[1.0, 0.0]; is_integer=true; x = Set([[0.0, 0.0, 1.0, 1.0, 0.0]]) )
 , 
] size=1




 -------------- node 4 
UBS = [(y=[-175.0, -52.0]; λ=[1.0, 0.0]; is_integer=true; x = Set([[0.0, 0.0, 1.0, 0.0, 1.0]]) )
 , 
(y=[-142.0, -77.0]; λ=[1.0, 0.0]; is_integer=true; x = Set([[0.0, 0.0, 0.0, 1.0, 1.0]]) )
 , 
(y=[-119.0, -149.0]; λ=[0.0, 1.0]; is_integer=true; x = Set([[0.0, 0.0, 1.0, 1.0, 0.0]]) )
 , 
] size=3



 # ----------- node 4 : 
depth = 2 
pred = 3 
var[ MOI.VariableIndex(2) ] = 1.0 
activated = false 
pruned = false 
pruned_type = NONE
succs = [ 10, 11,  ]
LBS = [(y=[-232.92555192597467, -232.09730074414153]; λ=[1.0, 0.0]; is_integer=false; x = Set([[0.0, 1.0, 0.4730373134361217, 0.11296518809749877, 0.4139974984663798]]) )
 , 
(y=[-197.65243152789304, -240.1360548317993]; λ=[0.5, 0.5]; is_integer=false; x = Set([[0.0, 1.0, 0.35229106071266925, 0.3763057003020516, 0.27140323898528107]]) )
 , 
(y=[-139.01930743099882, -246.73135660943973]; λ=[0.0, 1.0]; is_integer=false; x = Set([[0.0, 1.0, 0.31088825860345026, 0.689111740629146, 7.674640702165814e-10]]) )
 , 
] size=3




 -------------- node 11 
UBS = [(y=[-175.0, -52.0]; λ=[1.0, 0.0]; is_integer=true; x = Set([[0.0, 0.0, 1.0, 0.0, 1.0]]) )
 , 
(y=[-142.0, -77.0]; λ=[1.0, 0.0]; is_integer=true; x = Set([[0.0, 0.0, 0.0, 1.0, 1.0]]) )
 , 
(y=[-119.0, -149.0]; λ=[0.0, 1.0]; is_integer=true; x = Set([[0.0, 0.0, 1.0, 1.0, 0.0]]) )
 , 
(y=[-41.0, -213.0]; λ=[0.0, 1.0]; is_integer=true; x = Set([[0.0, 1.0, 0.0, 1.0, 0.0]]) )
 , 
] size=4



 # ----------- node 11 : 
depth = 3 
pred = 4 
var[ MOI.VariableIndex(3) ] = 0.0 
activated = false 
pruned = false 
pruned_type = NONE
succs = [ 12, 13,  ]
LBS = [(y=[-162.7793350322492, -184.02403810637298]; λ=[1.0, 0.0]; is_integer=false; x = Set([[0.0, 1.0, 0.0, 0.36073824627329787, 0.6392617537267021]]) )
 , 
(y=[-136.08824712436422, -194.0743857978707]; λ=[0.5, 0.5]; is_integer=false; x = Set([[0.0, 1.0, 0.0, 0.5493333249790116, 0.45066667502098834]]) )
 , 
(y=[-41.0, -213.0]; λ=[0.0, 1.0]; is_integer=true; x = Set([[0.0, 1.0, 0.0, 1.0, 0.0]]) )
 , 
] size=3




 -------------- node 13 
UBS = [(y=[-175.0, -52.0]; λ=[1.0, 0.0]; is_integer=true; x = Set([[0.0, 0.0, 1.0, 0.0, 1.0]]) )
 , 
(y=[-142.0, -77.0]; λ=[1.0, 0.0]; is_integer=true; x = Set([[0.0, 0.0, 0.0, 1.0, 1.0]]) )
 , 
(y=[-124.0, -93.0]; λ=[1.0, 0.0]; is_integer=true; x = Set([[0.0, 1.0, 0.0, 0.0, 1.0]]) )
 , 
(y=[-119.0, -149.0]; λ=[0.0, 1.0]; is_integer=true; x = Set([[0.0, 0.0, 1.0, 1.0, 0.0]]) )
 , 
(y=[-41.0, -213.0]; λ=[0.0, 1.0]; is_integer=true; x = Set([[0.0, 1.0, 0.0, 1.0, 0.0]]) )
 , 
] size=5



 # ----------- node 13 : 
depth = 4 
pred = 11 
var[ MOI.VariableIndex(4) ] = 0.0 
activated = false 
pruned = true 
pruned_type = INTEGRITY
succs = [  ]
LBS = [(y=[-124.0, -93.0]; λ=[1.0, 0.0]; is_integer=true; x = Set([[0.0, 1.0, 0.0, 0.0, 1.0]]) )
 , 
] size=1




 -------------- node 12 
UBS = [(y=[-175.0, -52.0]; λ=[1.0, 0.0]; is_integer=true; x = Set([[0.0, 0.0, 1.0, 0.0, 1.0]]) )
 , 
(y=[-142.0, -77.0]; λ=[1.0, 0.0]; is_integer=true; x = Set([[0.0, 0.0, 0.0, 1.0, 1.0]]) )
 , 
(y=[-124.0, -93.0]; λ=[1.0, 0.0]; is_integer=true; x = Set([[0.0, 1.0, 0.0, 0.0, 1.0]]) )
 , 
(y=[-119.0, -149.0]; λ=[0.0, 1.0]; is_integer=true; x = Set([[0.0, 0.0, 1.0, 1.0, 0.0]]) )
 , 
(y=[-41.0, -213.0]; λ=[0.0, 1.0]; is_integer=true; x = Set([[0.0, 1.0, 0.0, 1.0, 0.0]]) )
 , 
] size=5



 # ----------- node 12 : 
depth = 4 
pred = 11 
var[ MOI.VariableIndex(4) ] = 1.0 
activated = false 
pruned = true 
pruned_type = INTEGRITY
succs = [  ]
LBS = [(y=[-41.0, -213.0]; λ=[1.0, 0.0]; is_integer=true; x = Set([[0.0, 1.0, 0.0, 1.0, 0.0]]) )
 , 
] size=1




 -------------- node 10 
UBS = [(y=[-175.0, -52.0]; λ=[1.0, 0.0]; is_integer=true; x = Set([[0.0, 0.0, 1.0, 0.0, 1.0]]) )
 , 
(y=[-153.0, -81.0]; λ=[1.0, 0.0]; is_integer=true; x = Set([[0.0, 1.0, 1.0, 0.0, 0.0]]) )
 , 
(y=[-124.0, -93.0]; λ=[1.0, 0.0]; is_integer=true; x = Set([[0.0, 1.0, 0.0, 0.0, 1.0]]) )
 , 
(y=[-119.0, -149.0]; λ=[0.0, 1.0]; is_integer=true; x = Set([[0.0, 0.0, 1.0, 1.0, 0.0]]) )
 , 
(y=[-41.0, -213.0]; λ=[0.0, 1.0]; is_integer=true; x = Set([[0.0, 1.0, 0.0, 1.0, 0.0]]) )
 , 
] size=5



 # ----------- node 10 : 
depth = 3 
pred = 4 
var[ MOI.VariableIndex(3) ] = 1.0 
activated = false 
pruned = true 
pruned_type = INTEGRITY
succs = [  ]
LBS = [(y=[-153.0, -81.0]; λ=[1.0, 0.0]; is_integer=true; x = Set([[0.0, 1.0, 1.0, 0.0, 0.0]]) )
 , 
] size=1




 -------------- node 2 
UBS = [(y=[-175.0, -52.0]; λ=[1.0, 0.0]; is_integer=true; x = Set([[0.0, 0.0, 1.0, 0.0, 1.0]]) )
 , 
(y=[-153.0, -81.0]; λ=[1.0, 0.0]; is_integer=true; x = Set([[0.0, 1.0, 1.0, 0.0, 0.0]]) )
 , 
(y=[-124.0, -93.0]; λ=[1.0, 0.0]; is_integer=true; x = Set([[0.0, 1.0, 0.0, 0.0, 1.0]]) )
 , 
(y=[-119.0, -149.0]; λ=[0.0, 1.0]; is_integer=true; x = Set([[0.0, 0.0, 1.0, 1.0, 0.0]]) )
 , 
(y=[-41.0, -213.0]; λ=[0.0, 1.0]; is_integer=true; x = Set([[0.0, 1.0, 0.0, 1.0, 0.0]]) )
 , 
] size=5



 # ----------- node 2 : 
depth = 1 
pred = 1 
var[ MOI.VariableIndex(1) ] = 1.0 
activated = false 
pruned = false 
pruned_type = NONE
succs = [ 14, 15,  ]
LBS = [(y=[-237.85479133072172, -346.7882368799458]; λ=[1.0, 0.0]; is_integer=false; x = Set([[1.0, 0.12548112610125653, 0.40043628814069787, 0.14442359147128825, 0.3296589942867575]]) )
 , 
] size=1




 -------------- node 15 
UBS = [(y=[-175.0, -52.0]; λ=[1.0, 0.0]; is_integer=true; x = Set([[0.0, 0.0, 1.0, 0.0, 1.0]]) )
 , 
(y=[-153.0, -81.0]; λ=[1.0, 0.0]; is_integer=true; x = Set([[0.0, 1.0, 1.0, 0.0, 0.0]]) )
 , 
(y=[-124.0, -93.0]; λ=[1.0, 0.0]; is_integer=true; x = Set([[0.0, 1.0, 0.0, 0.0, 1.0]]) )
 , 
(y=[-119.0, -149.0]; λ=[0.0, 1.0]; is_integer=true; x = Set([[0.0, 0.0, 1.0, 1.0, 0.0]]) )
 , 
(y=[-41.0, -213.0]; λ=[0.0, 1.0]; is_integer=true; x = Set([[0.0, 1.0, 0.0, 1.0, 0.0]]) )
 , 
] size=5



 # ----------- node 15 : 
depth = 2 
pred = 2 
var[ MOI.VariableIndex(2) ] = 0.0 
activated = false 
pruned = false 
pruned_type = NONE
succs = [ 16, 17,  ]
LBS = [(y=[-194.43042637172113, -299.96784384440804]; λ=[1.0, 0.0]; is_integer=false; x = Set([[1.0, 0.0, 0.44928194977040115, 0.19028256956318718, 0.3604354806664152]]) )
 , 
] size=1




 -------------- node 17 
UBS = [(y=[-175.0, -52.0]; λ=[1.0, 0.0]; is_integer=true; x = Set([[0.0, 0.0, 1.0, 0.0, 1.0]]) )
 , 
(y=[-153.0, -81.0]; λ=[1.0, 0.0]; is_integer=true; x = Set([[0.0, 1.0, 1.0, 0.0, 0.0]]) )
 , 
(y=[-124.0, -93.0]; λ=[1.0, 0.0]; is_integer=true; x = Set([[0.0, 1.0, 0.0, 0.0, 1.0]]) )
 , 
(y=[-119.0, -149.0]; λ=[0.0, 1.0]; is_integer=true; x = Set([[0.0, 0.0, 1.0, 1.0, 0.0]]) )
 , 
(y=[-41.0, -213.0]; λ=[0.0, 1.0]; is_integer=true; x = Set([[0.0, 1.0, 0.0, 1.0, 0.0]]) )
 , 
] size=5



 # ----------- node 17 : 
depth = 3 
pred = 15 
var[ MOI.VariableIndex(3) ] = 0.0 
activated = false 
pruned = false 
pruned_type = NONE
succs = [ 18, 19,  ]
LBS = [(y=[-128.5872190685714, -238.96453284029386]; λ=[1.0, 0.0]; is_integer=false; x = Set([[1.0, 0.0, 0.0, 0.4395973123041642, 0.5604026876958333]]) )
 , 
] size=1




 -------------- node 19 


 # ----------- node 19 : 
depth = 4 
pred = 17 
var[ MOI.VariableIndex(4) ] = 0.0 
activated = false 
pruned = true 
pruned_type = INFEASIBILITY
succs = [  ]
LBS = [] size=0




 -------------- node 18 
UBS = [(y=[-175.0, -52.0]; λ=[1.0, 0.0]; is_integer=true; x = Set([[0.0, 0.0, 1.0, 0.0, 1.0]]) )
 , 
(y=[-153.0, -81.0]; λ=[1.0, 0.0]; is_integer=true; x = Set([[0.0, 1.0, 1.0, 0.0, 0.0]]) )
 , 
(y=[-124.0, -93.0]; λ=[1.0, 0.0]; is_integer=true; x = Set([[0.0, 1.0, 0.0, 0.0, 1.0]]) )
 , 
(y=[-119.0, -149.0]; λ=[0.0, 1.0]; is_integer=true; x = Set([[0.0, 0.0, 1.0, 1.0, 0.0]]) )
 , 
(y=[-41.0, -213.0]; λ=[0.0, 1.0]; is_integer=true; x = Set([[0.0, 1.0, 0.0, 1.0, 0.0]]) )
 , 
(y=[-35.0, -230.0]; λ=[1.0, 0.0]; is_integer=true; x = Set([[1.0, 0.0, 0.0, 1.0, 0.0]]) )
 , 
] size=6



 # ----------- node 18 : 
depth = 4 
pred = 17 
var[ MOI.VariableIndex(4) ] = 1.0 
activated = false 
pruned = true 
pruned_type = INTEGRITY
succs = [  ]
LBS = [(y=[-35.0, -230.0]; λ=[1.0, 0.0]; is_integer=true; x = Set([[1.0, 0.0, 0.0, 1.0, 0.0]]) )
 , 
] size=1




 -------------- node 16 
UBS = [(y=[-175.0, -52.0]; λ=[1.0, 0.0]; is_integer=true; x = Set([[0.0, 0.0, 1.0, 0.0, 1.0]]) )
 , 
(y=[-153.0, -81.0]; λ=[1.0, 0.0]; is_integer=true; x = Set([[0.0, 1.0, 1.0, 0.0, 0.0]]) )
 , 
(y=[-124.0, -93.0]; λ=[1.0, 0.0]; is_integer=true; x = Set([[0.0, 1.0, 0.0, 0.0, 1.0]]) )
 , 
(y=[-119.0, -149.0]; λ=[0.0, 1.0]; is_integer=true; x = Set([[0.0, 0.0, 1.0, 1.0, 0.0]]) )
 , 
(y=[-116.0, -153.0]; λ=[1.0, 0.0]; is_integer=true; x = Set([[1.0, 0.0, 1.0, 0.0, 0.0]]) )
 , 
(y=[-41.0, -213.0]; λ=[0.0, 1.0]; is_integer=true; x = Set([[0.0, 1.0, 0.0, 1.0, 0.0]]) )
 , 
(y=[-35.0, -230.0]; λ=[1.0, 0.0]; is_integer=true; x = Set([[1.0, 0.0, 0.0, 1.0, 0.0]]) )
 , 
] size=7



 # ----------- node 16 : 
depth = 3 
pred = 15 
var[ MOI.VariableIndex(3) ] = 1.0 
activated = false 
pruned = true 
pruned_type = INTEGRITY
succs = [  ]
LBS = [(y=[-116.0, -153.0]; λ=[1.0, 0.0]; is_integer=true; x = Set([[1.0, 0.0, 1.0, 0.0, 0.0]]) )
 , 
] size=1




 -------------- node 14 
UBS = [(y=[-175.0, -52.0]; λ=[1.0, 0.0]; is_integer=true; x = Set([[0.0, 0.0, 1.0, 0.0, 1.0]]) )
 , 
(y=[-153.0, -81.0]; λ=[1.0, 0.0]; is_integer=true; x = Set([[0.0, 1.0, 1.0, 0.0, 0.0]]) )
 , 
(y=[-124.0, -93.0]; λ=[1.0, 0.0]; is_integer=true; x = Set([[0.0, 1.0, 0.0, 0.0, 1.0]]) )
 , 
(y=[-119.0, -149.0]; λ=[0.0, 1.0]; is_integer=true; x = Set([[0.0, 0.0, 1.0, 1.0, 0.0]]) )
 , 
(y=[-116.0, -153.0]; λ=[1.0, 0.0]; is_integer=true; x = Set([[1.0, 0.0, 1.0, 0.0, 0.0]]) )
 , 
(y=[-41.0, -213.0]; λ=[0.0, 1.0]; is_integer=true; x = Set([[0.0, 1.0, 0.0, 1.0, 0.0]]) )
 , 
(y=[-35.0, -230.0]; λ=[1.0, 0.0]; is_integer=true; x = Set([[1.0, 0.0, 0.0, 1.0, 0.0]]) )
 , 
(y=[0.0, -237.0]; λ=[1.0, 0.0]; is_integer=true; x = Set([[1.0, 1.0, 0.0, 0.0, 0.0]]) )
 , 
] size=8



 # ----------- node 14 : 
depth = 2 
pred = 2 
var[ MOI.VariableIndex(2) ] = 1.0 
activated = false 
pruned = true 
pruned_type = INTEGRITY
succs = [  ]
LBS = [(y=[0.0, -237.0]; λ=[1.0, 0.0]; is_integer=true; x = Set([[1.0, 1.0, 0.0, 0.0, 0.0]]) )
 , 
] size=1


total time 91.54325604438782
8 non dominated sols 
[175.0, 52.0]
sol: [0.0, 0.0, 1.0, 0.0, 1.0]
[153.0, 81.0]
sol: [0.0, 1.0, 1.0, 0.0, 0.0]
[124.0, 93.0]
sol: [0.0, 1.0, 0.0, 0.0, 1.0]
[119.0, 149.0]
sol: [0.0, 0.0, 1.0, 1.0, 0.0]
[116.0, 153.0]
sol: [1.0, 0.0, 1.0, 0.0, 0.0]
[41.0, 213.0]
sol: [0.0, 1.0, 0.0, 1.0, 0.0]
[35.0, 230.0]
sol: [1.0, 0.0, 0.0, 1.0, 0.0]
[-0.0, 237.0]
sol: [1.0, 1.0, 0.0, 0.0, 0.0]
total nodes: 19
pruned nodes: 10
pruned dominance nodes: 0
heuristic time 0.0
