Set parameter Username
Set parameter LicenseID to value 2587732
Academic license - for non-commercial use only - expires 2025-11-20
Set parameter Username
Set parameter LicenseID to value 2587732
Academic license - for non-commercial use only - expires 2025-11-20
Set parameter Username
Set parameter LicenseID to value 2587732
Academic license - for non-commercial use only - expires 2025-11-20
warm up ...
total time 4.342162847518921
2 non dominated sols 
[161.0, 90.0]
sol: [0.0, 0.0, 1.0, 1.0, 0.0]
[126.0, 120.0]
sol: [1.0, 0.0, 0.0, 1.0, 0.0]
heuristic iters 8 with time(s) 1.2624
root LBS : [(y=[-272.6815534190159, -233.37338765795005]; λ=[1.0, 0.0]; is_integer=false; x = Set([[0.2168070856066117, 0.3189660986911528, 0.45535573454926087, 0.7678162496217074, 0.2410548315312672]]) )
 , 
(y=[-265.74352046692684, -239.31526025997022]; λ=[0.75, 0.25]; is_integer=false; x = Set([[0.3459480761110364, 0.2720885884153119, 0.4122484033477627, 0.721610260491626, 0.24810467163426414]]) )
 , 
(y=[-256.30980489900384, -242.8367011796064]; λ=[0.5, 0.5]; is_integer=false; x = Set([[0.457949446359988, 0.2254456140342129, 0.40573576444767817, 0.6697704668290786, 0.24109870832904234]]) )
 , 
(y=[-243.28890179702125, -243.8732620601394]; λ=[0.25, 0.75]; is_integer=false; x = Set([[0.5630611531398121, 0.17452627906453183, 0.4182420312007866, 0.6138594651722694, 0.2303110714225991]]) )
 , 
] size=4

total time 48.070570945739746
2 non dominated sols 
[161.0, 90.0]
sol: [0.0, 0.0, 1.0, 1.0, 0.0]
[126.0, 120.0]
sol: [1.0, 0.0, 0.0, 1.0, 0.0]
total nodes: 15
pruned nodes: 8
heuristic time 1.2624


solving ./instances/QKP_20_100_25	 with 	 bb_heur_preproc1
heuristic iters 15 with time(s) 2.5266
root LBS : [(y=[-3599.3742018787716, -4620.86835849187]; λ=[0.0, 1.0]; is_integer=false; x = Set([[0.28048032442819565, 0.22373836952534082, 0.24442985602966397, 0.2691617047420052, 0.2653260226768589, 0.2837969303141888, 0.2615304545847255, 0.23899822260586706, 0.22701721384771079, 0.24145430383943614, 0.23447038702597756, 0.2699220030177994, 0.2798418597734111, 0.2972856023071312, 0.228415069687242, 0.22580353794006877, 0.2223635338803502, 0.213495725978144, 0.24448122786131207, 0.24798764993457678]]) )
 , 
] size=1

total time 40.60537314414978
68 non dominated sols 
[624.0, 848.0]
sol: [0.0, 1.0, 0.0, 0.0, 0.0, 0.0, 0.0, 0.0, 0.0, 0.0, 1.0, 0.0, 0.0, 0.0, 1.0, 1.0, 1.0, 0.0, 0.0, 0.0]
[589.0, 857.0]
sol: [0.0, 0.0, 0.0, 0.0, 0.0, 0.0, 0.0, 1.0, 0.0, 0.0, 1.0, 0.0, 0.0, 0.0, 0.0, 1.0, 1.0, 1.0, 0.0, 0.0]
[586.0, 861.0]
sol: [0.0, 1.0, 0.0, 0.0, 0.0, 0.0, 0.0, 0.0, 0.0, 0.0, 1.0, 0.0, 0.0, 0.0, 1.0, 0.0, 1.0, 1.0, 0.0, 0.0]
[570.0, 959.0]
sol: [0.0, 0.0, 1.0, 0.0, 0.0, 0.0, 0.0, 0.0, 1.0, 0.0, 0.0, 0.0, 0.0, 0.0, 1.0, 0.0, 1.0, 0.0, 0.0, 1.0]
[540.0, 967.0]
sol: [0.0, 1.0, 0.0, 0.0, 1.0, 0.0, 0.0, 0.0, 0.0, 0.0, 1.0, 0.0, 0.0, 0.0, 1.0, 0.0, 1.0, 0.0, 0.0, 0.0]
[516.0, 1002.0]
sol: [0.0, 1.0, 0.0, 0.0, 1.0, 0.0, 0.0, 0.0, 0.0, 0.0, 1.0, 0.0, 0.0, 0.0, 0.0, 1.0, 1.0, 0.0, 0.0, 0.0]
[507.0, 1025.0]
sol: [0.0, 0.0, 1.0, 0.0, 0.0, 0.0, 1.0, 0.0, 1.0, 0.0, 0.0, 0.0, 0.0, 0.0, 0.0, 0.0, 1.0, 0.0, 0.0, 1.0]
[505.0, 1029.0]
sol: [0.0, 0.0, 1.0, 0.0, 0.0, 0.0, 0.0, 0.0, 1.0, 0.0, 1.0, 0.0, 0.0, 0.0, 0.0, 0.0, 1.0, 0.0, 0.0, 1.0]
[482.0, 1045.0]
sol: [0.0, 0.0, 1.0, 0.0, 0.0, 0.0, 0.0, 0.0, 1.0, 0.0, 1.0, 0.0, 0.0, 0.0, 1.0, 0.0, 1.0, 0.0, 0.0, 0.0]
[465.0, 1060.0]
sol: [0.0, 0.0, 1.0, 0.0, 0.0, 0.0, 1.0, 0.0, 1.0, 0.0, 0.0, 0.0, 0.0, 0.0, 1.0, 0.0, 1.0, 0.0, 0.0, 0.0]
[446.0, 1097.0]
sol: [0.0, 0.0, 1.0, 0.0, 0.0, 0.0, 0.0, 0.0, 1.0, 0.0, 0.0, 0.0, 0.0, 0.0, 0.0, 0.0, 1.0, 0.0, 1.0, 1.0]
[437.0, 1105.0]
sol: [0.0, 0.0, 1.0, 0.0, 0.0, 0.0, 0.0, 1.0, 1.0, 0.0, 0.0, 0.0, 0.0, 0.0, 0.0, 0.0, 1.0, 0.0, 0.0, 1.0]
[424.0, 1109.0]
sol: [0.0, 0.0, 1.0, 0.0, 1.0, 0.0, 0.0, 0.0, 1.0, 0.0, 0.0, 0.0, 0.0, 0.0, 1.0, 0.0, 1.0, 0.0, 0.0, 0.0]
[423.0, 1113.0]
sol: [0.0, 0.0, 1.0, 0.0, 0.0, 0.0, 0.0, 0.0, 1.0, 0.0, 0.0, 0.0, 0.0, 0.0, 1.0, 0.0, 1.0, 0.0, 1.0, 0.0]
[417.0, 1126.0]
sol: [0.0, 1.0, 1.0, 0.0, 0.0, 0.0, 0.0, 0.0, 0.0, 0.0, 1.0, 0.0, 0.0, 0.0, 0.0, 0.0, 1.0, 0.0, 0.0, 1.0]
[414.0, 1127.0]
sol: [0.0, 0.0, 1.0, 0.0, 0.0, 0.0, 0.0, 0.0, 0.0, 0.0, 1.0, 0.0, 0.0, 0.0, 1.0, 0.0, 1.0, 0.0, 0.0, 1.0]
[412.0, 1129.0]
sol: [0.0, 0.0, 1.0, 0.0, 0.0, 0.0, 1.0, 0.0, 0.0, 0.0, 1.0, 0.0, 0.0, 0.0, 0.0, 0.0, 1.0, 0.0, 0.0, 1.0]
[403.0, 1137.0]
sol: [0.0, 0.0, 1.0, 0.0, 0.0, 0.0, 0.0, 0.0, 0.0, 0.0, 1.0, 0.0, 0.0, 0.0, 0.0, 1.0, 1.0, 0.0, 0.0, 1.0]
[391.0, 1157.0]
sol: [0.0, 1.0, 1.0, 0.0, 1.0, 0.0, 0.0, 0.0, 0.0, 0.0, 0.0, 0.0, 0.0, 0.0, 1.0, 0.0, 1.0, 0.0, 0.0, 0.0]
[379.0, 1185.0]
sol: [0.0, 0.0, 1.0, 0.0, 0.0, 0.0, 0.0, 0.0, 0.0, 0.0, 1.0, 0.0, 0.0, 0.0, 0.0, 1.0, 1.0, 0.0, 1.0, 0.0]
[367.0, 1186.0]
sol: [0.0, 1.0, 0.0, 0.0, 1.0, 0.0, 0.0, 0.0, 0.0, 0.0, 1.0, 0.0, 0.0, 0.0, 0.0, 1.0, 0.0, 0.0, 1.0, 0.0]
[360.0, 1191.0]
sol: [0.0, 0.0, 1.0, 0.0, 0.0, 0.0, 1.0, 0.0, 0.0, 0.0, 0.0, 0.0, 0.0, 0.0, 0.0, 0.0, 1.0, 0.0, 1.0, 1.0]
[357.0, 1208.0]
sol: [0.0, 1.0, 1.0, 0.0, 1.0, 0.0, 0.0, 0.0, 0.0, 0.0, 0.0, 0.0, 0.0, 0.0, 0.0, 0.0, 1.0, 0.0, 0.0, 1.0]
[339.0, 1209.0]
sol: [1.0, 0.0, 1.0, 0.0, 0.0, 0.0, 1.0, 1.0, 0.0, 0.0, 0.0, 0.0, 0.0, 0.0, 0.0, 0.0, 1.0, 0.0, 0.0, 0.0]
[338.0, 1211.0]
sol: [0.0, 0.0, 1.0, 0.0, 0.0, 0.0, 0.0, 1.0, 0.0, 0.0, 0.0, 0.0, 0.0, 0.0, 1.0, 0.0, 1.0, 0.0, 0.0, 1.0]
[336.0, 1212.0]
sol: [0.0, 0.0, 0.0, 0.0, 0.0, 0.0, 0.0, 0.0, 0.0, 0.0, 1.0, 0.0, 0.0, 0.0, 0.0, 1.0, 1.0, 0.0, 1.0, 1.0]
[331.0, 1217.0]
sol: [0.0, 0.0, 1.0, 0.0, 0.0, 0.0, 1.0, 0.0, 0.0, 0.0, 0.0, 0.0, 0.0, 1.0, 0.0, 0.0, 1.0, 0.0, 0.0, 1.0]
[325.0, 1220.0]
sol: [0.0, 0.0, 1.0, 1.0, 0.0, 0.0, 0.0, 0.0, 0.0, 0.0, 0.0, 0.0, 0.0, 0.0, 1.0, 0.0, 1.0, 0.0, 0.0, 1.0]
[323.0, 1222.0]
sol: [0.0, 0.0, 1.0, 1.0, 0.0, 0.0, 1.0, 0.0, 0.0, 0.0, 0.0, 0.0, 0.0, 0.0, 0.0, 0.0, 1.0, 0.0, 0.0, 1.0]
[319.0, 1226.0]
sol: [0.0, 0.0, 1.0, 0.0, 0.0, 0.0, 0.0, 0.0, 0.0, 0.0, 1.0, 1.0, 0.0, 0.0, 0.0, 0.0, 1.0, 0.0, 0.0, 1.0]
[309.0, 1257.0]
sol: [0.0, 1.0, 1.0, 0.0, 1.0, 0.0, 0.0, 0.0, 1.0, 0.0, 0.0, 0.0, 0.0, 0.0, 0.0, 0.0, 1.0, 0.0, 0.0, 0.0]
[304.0, 1269.0]
sol: [0.0, 0.0, 1.0, 0.0, 0.0, 0.0, 0.0, 0.0, 1.0, 0.0, 0.0, 0.0, 0.0, 0.0, 0.0, 1.0, 1.0, 0.0, 1.0, 0.0]
[297.0, 1287.0]
sol: [0.0, 0.0, 1.0, 0.0, 0.0, 0.0, 0.0, 0.0, 0.0, 0.0, 0.0, 0.0, 0.0, 0.0, 0.0, 1.0, 1.0, 0.0, 1.0, 1.0]
[279.0, 1300.0]
sol: [1.0, 0.0, 1.0, 0.0, 0.0, 0.0, 0.0, 1.0, 0.0, 0.0, 0.0, 0.0, 0.0, 0.0, 0.0, 0.0, 1.0, 0.0, 0.0, 1.0]
[243.0, 1310.0]
sol: [0.0, 0.0, 1.0, 0.0, 0.0, 0.0, 0.0, 1.0, 0.0, 0.0, 0.0, 0.0, 1.0, 0.0, 0.0, 0.0, 1.0, 0.0, 0.0, 1.0]
[241.0, 1330.0]
sol: [0.0, 1.0, 1.0, 0.0, 1.0, 0.0, 0.0, 0.0, 0.0, 0.0, 0.0, 0.0, 0.0, 0.0, 0.0, 0.0, 1.0, 0.0, 1.0, 0.0]
[237.0, 1338.0]
sol: [0.0, 0.0, 1.0, 0.0, 1.0, 0.0, 0.0, 0.0, 0.0, 0.0, 0.0, 0.0, 0.0, 0.0, 0.0, 1.0, 1.0, 0.0, 1.0, 0.0]
[222.0, 1351.0]
sol: [1.0, 1.0, 1.0, 0.0, 1.0, 0.0, 0.0, 0.0, 0.0, 0.0, 0.0, 0.0, 0.0, 0.0, 0.0, 0.0, 1.0, 0.0, 0.0, 0.0]
[218.0, 1355.0]
sol: [1.0, 0.0, 1.0, 0.0, 0.0, 0.0, 0.0, 1.0, 0.0, 0.0, 0.0, 0.0, 0.0, 0.0, 0.0, 0.0, 1.0, 0.0, 1.0, 0.0]
[204.0, 1367.0]
sol: [0.0, 0.0, 1.0, 0.0, 0.0, 1.0, 0.0, 0.0, 0.0, 0.0, 0.0, 0.0, 0.0, 0.0, 0.0, 1.0, 1.0, 0.0, 1.0, 0.0]
[199.0, 1376.0]
sol: [1.0, 1.0, 1.0, 0.0, 0.0, 0.0, 0.0, 1.0, 0.0, 0.0, 0.0, 0.0, 0.0, 0.0, 0.0, 0.0, 1.0, 0.0, 0.0, 0.0]
[188.0, 1378.0]
sol: [1.0, 1.0, 0.0, 0.0, 0.0, 0.0, 0.0, 1.0, 0.0, 0.0, 0.0, 0.0, 0.0, 0.0, 0.0, 0.0, 1.0, 0.0, 0.0, 1.0]
[186.0, 1380.0]
sol: [1.0, 0.0, 1.0, 1.0, 0.0, 0.0, 0.0, 1.0, 0.0, 0.0, 0.0, 0.0, 0.0, 0.0, 0.0, 0.0, 1.0, 0.0, 0.0, 0.0]
[177.0, 1382.0]
sol: [1.0, 0.0, 0.0, 1.0, 0.0, 0.0, 0.0, 1.0, 0.0, 0.0, 0.0, 0.0, 0.0, 0.0, 0.0, 0.0, 1.0, 0.0, 0.0, 1.0]
[161.0, 1394.0]
sol: [0.0, 0.0, 0.0, 0.0, 0.0, 0.0, 0.0, 0.0, 0.0, 0.0, 0.0, 0.0, 0.0, 1.0, 0.0, 1.0, 1.0, 0.0, 1.0, 1.0]
[149.0, 1421.0]
sol: [1.0, 1.0, 0.0, 0.0, 1.0, 0.0, 0.0, 1.0, 0.0, 1.0, 0.0, 0.0, 0.0, 0.0, 0.0, 0.0, 0.0, 0.0, 0.0, 0.0]
[131.0, 1434.0]
sol: [1.0, 1.0, 0.0, 0.0, 1.0, 0.0, 0.0, 1.0, 1.0, 0.0, 0.0, 0.0, 0.0, 0.0, 0.0, 0.0, 0.0, 0.0, 0.0, 0.0]
[123.0, 1442.0]
sol: [1.0, 1.0, 0.0, 0.0, 1.0, 0.0, 0.0, 1.0, 0.0, 0.0, 0.0, 0.0, 1.0, 0.0, 0.0, 0.0, 0.0, 0.0, 0.0, 0.0]
[96.0, 1443.0]
sol: [1.0, 0.0, 0.0, 0.0, 1.0, 0.0, 0.0, 0.0, 0.0, 1.0, 0.0, 0.0, 0.0, 0.0, 0.0, 1.0, 0.0, 0.0, 1.0, 0.0]
[94.0, 1450.0]
sol: [1.0, 1.0, 0.0, 1.0, 1.0, 0.0, 0.0, 0.0, 0.0, 0.0, 0.0, 0.0, 1.0, 0.0, 0.0, 0.0, 0.0, 0.0, 0.0, 0.0]
[87.0, 1452.0]
sol: [1.0, 1.0, 0.0, 0.0, 1.0, 0.0, 0.0, 0.0, 0.0, 0.0, 0.0, 0.0, 1.0, 0.0, 0.0, 0.0, 0.0, 0.0, 1.0, 0.0]
[81.0, 1461.0]
sol: [1.0, 1.0, 1.0, 0.0, 0.0, 0.0, 0.0, 1.0, 0.0, 0.0, 0.0, 0.0, 0.0, 0.0, 0.0, 0.0, 0.0, 0.0, 1.0, 0.0]
[73.0, 1463.0]
sol: [0.0, 0.0, 0.0, 0.0, 0.0, 0.0, 1.0, 0.0, 0.0, 0.0, 0.0, 0.0, 0.0, 1.0, 0.0, 1.0, 0.0, 0.0, 1.0, 1.0]
[70.0, 1464.0]
sol: [0.0, 0.0, 0.0, 0.0, 1.0, 0.0, 0.0, 0.0, 1.0, 0.0, 0.0, 0.0, 1.0, 0.0, 0.0, 1.0, 0.0, 0.0, 1.0, 0.0]
[69.0, 1468.0]
sol: [1.0, 0.0, 1.0, 0.0, 0.0, 1.0, 0.0, 0.0, 0.0, 0.0, 0.0, 0.0, 0.0, 0.0, 0.0, 1.0, 0.0, 0.0, 1.0, 0.0]
[64.0, 1479.0]
sol: [1.0, 0.0, 0.0, 0.0, 0.0, 1.0, 0.0, 1.0, 0.0, 0.0, 1.0, 0.0, 1.0, 0.0, 0.0, 0.0, 0.0, 0.0, 0.0, 0.0]
[61.0, 1481.0]
sol: [0.0, 0.0, 0.0, 0.0, 0.0, 0.0, 1.0, 0.0, 0.0, 1.0, 0.0, 0.0, 0.0, 1.0, 0.0, 1.0, 0.0, 0.0, 1.0, 0.0]
[56.0, 1485.0]
sol: [1.0, 1.0, 0.0, 0.0, 0.0, 0.0, 0.0, 1.0, 0.0, 1.0, 0.0, 0.0, 0.0, 1.0, 0.0, 0.0, 0.0, 0.0, 0.0, 0.0]
[51.0, 1486.0]
sol: [1.0, 1.0, 0.0, 1.0, 0.0, 0.0, 0.0, 1.0, 0.0, 0.0, 0.0, 0.0, 0.0, 0.0, 0.0, 0.0, 0.0, 0.0, 0.0, 1.0]
[45.0, 1488.0]
sol: [1.0, 0.0, 0.0, 1.0, 0.0, 0.0, 0.0, 1.0, 0.0, 0.0, 0.0, 0.0, 1.0, 0.0, 0.0, 0.0, 0.0, 0.0, 0.0, 1.0]
[44.0, 1492.0]
sol: [1.0, 0.0, 0.0, 0.0, 0.0, 0.0, 0.0, 0.0, 0.0, 1.0, 0.0, 0.0, 0.0, 1.0, 0.0, 1.0, 0.0, 0.0, 1.0, 0.0]
[37.0, 1493.0]
sol: [0.0, 0.0, 0.0, 0.0, 0.0, 1.0, 0.0, 0.0, 0.0, 0.0, 0.0, 0.0, 1.0, 1.0, 0.0, 1.0, 0.0, 0.0, 1.0, 0.0]
[22.0, 1494.0]
sol: [1.0, 1.0, 0.0, 1.0, 0.0, 0.0, 0.0, 0.0, 0.0, 0.0, 0.0, 0.0, 1.0, 0.0, 0.0, 0.0, 0.0, 0.0, 0.0, 1.0]
[20.0, 1495.0]
sol: [1.0, 1.0, 0.0, 0.0, 0.0, 0.0, 0.0, 0.0, 0.0, 1.0, 0.0, 1.0, 0.0, 1.0, 0.0, 0.0, 0.0, 0.0, 0.0, 0.0]
[15.0, 1496.0]
sol: [1.0, 1.0, 0.0, 1.0, 0.0, 0.0, 0.0, 0.0, 0.0, 0.0, 0.0, 1.0, 0.0, 0.0, 0.0, 0.0, 0.0, 0.0, 0.0, 1.0]
[9.0, 1498.0]
sol: [0.0, 0.0, 0.0, 1.0, 0.0, 0.0, 0.0, 1.0, 0.0, 0.0, 0.0, 0.0, 1.0, 0.0, 1.0, 0.0, 0.0, 0.0, 0.0, 1.0]
[7.0, 1499.0]
sol: [1.0, 0.0, 1.0, 0.0, 0.0, 0.0, 0.0, 0.0, 0.0, 1.0, 0.0, 0.0, 0.0, 1.0, 0.0, 1.0, 0.0, 0.0, 0.0, 0.0]
[2.0, 1500.0]
sol: [1.0, 0.0, 0.0, 1.0, 0.0, 1.0, 0.0, 0.0, 0.0, 0.0, 0.0, 1.0, 0.0, 0.0, 0.0, 0.0, 0.0, 0.0, 0.0, 1.0]
total nodes: 23753
pruned nodes: 11877
heuristic time 2.5266
Set parameter Username
Set parameter LicenseID to value 2587732
Academic license - for non-commercial use only - expires 2025-11-20
Set parameter Username
Set parameter LicenseID to value 2587732
Academic license - for non-commercial use only - expires 2025-11-20
Set parameter Username
Set parameter LicenseID to value 2587732
Academic license - for non-commercial use only - expires 2025-11-20
warm up ...
total time 5.987871170043945
2 non dominated sols 
[161.0, 90.0]
sol: [0.0, 0.0, 1.0, 1.0, 0.0]
[126.0, 120.0]
sol: [1.0, 0.0, 0.0, 1.0, 0.0]
heuristic iters 7 with time(s) 1.2365
root LBS : [(y=[-272.6815534190159, -233.37338765795005]; λ=[1.0, 0.0]; is_integer=false; x = Set([[0.2168070856066117, 0.3189660986911528, 0.45535573454926087, 0.7678162496217074, 0.2410548315312672]]) )
 , 
(y=[-265.74352046692684, -239.31526025997022]; λ=[0.75, 0.25]; is_integer=false; x = Set([[0.3459480761110364, 0.2720885884153119, 0.4122484033477627, 0.721610260491626, 0.24810467163426414]]) )
 , 
(y=[-256.30980489900384, -242.8367011796064]; λ=[0.5, 0.5]; is_integer=false; x = Set([[0.457949446359988, 0.2254456140342129, 0.40573576444767817, 0.6697704668290786, 0.24109870832904234]]) )
 , 
(y=[-243.28890179702125, -243.8732620601394]; λ=[0.25, 0.75]; is_integer=false; x = Set([[0.5630611531398121, 0.17452627906453183, 0.4182420312007866, 0.6138594651722694, 0.2303110714225991]]) )
 , 
] size=4

total time 35.93905997276306
2 non dominated sols 
[161.0, 90.0]
sol: [0.0, 0.0, 1.0, 1.0, 0.0]
[126.0, 120.0]
sol: [1.0, 0.0, 0.0, 1.0, 0.0]
total nodes: 15
pruned nodes: 8
heuristic time 1.2365


solving ./instances/QKP_20_100_50	 with 	 bb_heur_preproc1
heuristic iters 17 with time(s) 1.3215
root LBS : [(y=[-2617.461546171497, -3274.9759162645387]; λ=[0.0, 1.0]; is_integer=false; x = Set([[0.5747240194828391, 0.09530423628160602, 0.33258849217574343, 0.17374244437714786, 0.536735079136392, 0.3147040917794604, 0.09371576891149504, 0.5994559006282598, 0.4918657359412204, 0.3053626565320988, 0.10390887632110345, 0.19959987573947313, 0.12231023387923846, 0.11508178255663132, 0.09332054361775692, 0.0806392222478811, 0.04495234696125423, 0.3756400185061093, 0.12555686036521027, 0.2207918145588513]]) )
 , 
] size=1

total time 7.718979120254517
37 non dominated sols 
[743.0, 724.0]
sol: [1.0, 0.0, 0.0, 1.0, 1.0, 0.0, 0.0, 0.0, 0.0, 1.0, 0.0, 0.0, 0.0, 0.0, 0.0, 0.0, 0.0, 0.0, 1.0, 0.0]
[680.0, 759.0]
sol: [1.0, 0.0, 0.0, 0.0, 1.0, 0.0, 0.0, 1.0, 0.0, 1.0, 0.0, 0.0, 0.0, 0.0, 0.0, 0.0, 1.0, 0.0, 0.0, 0.0]
[672.0, 797.0]
sol: [0.0, 0.0, 1.0, 0.0, 1.0, 0.0, 1.0, 1.0, 0.0, 0.0, 0.0, 0.0, 0.0, 0.0, 0.0, 0.0, 0.0, 0.0, 1.0, 0.0]
[654.0, 836.0]
sol: [1.0, 0.0, 1.0, 0.0, 1.0, 0.0, 1.0, 1.0, 0.0, 0.0, 0.0, 0.0, 0.0, 0.0, 0.0, 0.0, 0.0, 0.0, 0.0, 0.0]
[651.0, 874.0]
sol: [0.0, 0.0, 1.0, 0.0, 1.0, 0.0, 1.0, 1.0, 0.0, 0.0, 0.0, 0.0, 0.0, 0.0, 0.0, 0.0, 0.0, 0.0, 0.0, 1.0]
[636.0, 887.0]
sol: [1.0, 0.0, 1.0, 0.0, 1.0, 0.0, 0.0, 1.0, 0.0, 0.0, 0.0, 0.0, 0.0, 1.0, 0.0, 0.0, 0.0, 0.0, 0.0, 0.0]
[632.0, 899.0]
sol: [1.0, 0.0, 0.0, 1.0, 1.0, 0.0, 0.0, 1.0, 0.0, 0.0, 0.0, 0.0, 0.0, 0.0, 1.0, 0.0, 0.0, 0.0, 0.0, 0.0]
[629.0, 903.0]
sol: [1.0, 0.0, 0.0, 1.0, 1.0, 0.0, 0.0, 1.0, 0.0, 0.0, 0.0, 0.0, 0.0, 1.0, 0.0, 0.0, 0.0, 0.0, 0.0, 0.0]
[607.0, 932.0]
sol: [1.0, 0.0, 1.0, 0.0, 0.0, 0.0, 1.0, 1.0, 0.0, 0.0, 0.0, 0.0, 0.0, 0.0, 0.0, 0.0, 0.0, 1.0, 0.0, 0.0]
[591.0, 951.0]
sol: [0.0, 0.0, 1.0, 1.0, 1.0, 0.0, 0.0, 1.0, 0.0, 1.0, 0.0, 0.0, 0.0, 0.0, 0.0, 0.0, 0.0, 0.0, 0.0, 0.0]
[589.0, 959.0]
sol: [1.0, 0.0, 0.0, 1.0, 1.0, 0.0, 0.0, 1.0, 0.0, 0.0, 0.0, 0.0, 0.0, 0.0, 0.0, 0.0, 0.0, 0.0, 1.0, 0.0]
[580.0, 977.0]
sol: [1.0, 0.0, 1.0, 1.0, 1.0, 0.0, 0.0, 1.0, 0.0, 0.0, 0.0, 0.0, 0.0, 0.0, 0.0, 0.0, 0.0, 0.0, 0.0, 0.0]
[571.0, 985.0]
sol: [1.0, 0.0, 0.0, 1.0, 1.0, 0.0, 0.0, 1.0, 0.0, 0.0, 0.0, 0.0, 0.0, 0.0, 0.0, 0.0, 0.0, 0.0, 0.0, 1.0]
[539.0, 1014.0]
sol: [0.0, 0.0, 1.0, 0.0, 1.0, 0.0, 0.0, 1.0, 0.0, 1.0, 0.0, 0.0, 0.0, 0.0, 0.0, 0.0, 0.0, 0.0, 0.0, 1.0]
[538.0, 1070.0]
sol: [0.0, 0.0, 1.0, 0.0, 1.0, 0.0, 0.0, 1.0, 0.0, 0.0, 0.0, 0.0, 0.0, 0.0, 0.0, 0.0, 0.0, 0.0, 1.0, 1.0]
[520.0, 1079.0]
sol: [0.0, 0.0, 1.0, 1.0, 1.0, 0.0, 0.0, 1.0, 0.0, 0.0, 0.0, 0.0, 0.0, 0.0, 0.0, 0.0, 0.0, 0.0, 1.0, 0.0]
[511.0, 1081.0]
sol: [1.0, 1.0, 0.0, 1.0, 1.0, 0.0, 0.0, 1.0, 0.0, 0.0, 0.0, 0.0, 0.0, 0.0, 0.0, 0.0, 0.0, 0.0, 0.0, 0.0]
[492.0, 1109.0]
sol: [1.0, 1.0, 0.0, 0.0, 1.0, 0.0, 0.0, 1.0, 0.0, 1.0, 0.0, 0.0, 0.0, 0.0, 0.0, 0.0, 0.0, 0.0, 0.0, 0.0]
[464.0, 1131.0]
sol: [0.0, 0.0, 1.0, 0.0, 0.0, 1.0, 0.0, 1.0, 0.0, 0.0, 0.0, 0.0, 0.0, 0.0, 0.0, 0.0, 0.0, 1.0, 1.0, 0.0]
[454.0, 1137.0]
sol: [0.0, 0.0, 1.0, 0.0, 1.0, 0.0, 0.0, 1.0, 0.0, 0.0, 0.0, 0.0, 0.0, 0.0, 0.0, 0.0, 0.0, 1.0, 0.0, 1.0]
[431.0, 1143.0]
sol: [1.0, 0.0, 1.0, 0.0, 1.0, 0.0, 0.0, 1.0, 0.0, 0.0, 1.0, 0.0, 0.0, 0.0, 0.0, 0.0, 0.0, 0.0, 0.0, 0.0]
[425.0, 1168.0]
sol: [0.0, 0.0, 1.0, 1.0, 1.0, 0.0, 0.0, 1.0, 0.0, 0.0, 0.0, 0.0, 0.0, 0.0, 0.0, 0.0, 0.0, 1.0, 0.0, 0.0]
[420.0, 1170.0]
sol: [0.0, 0.0, 1.0, 0.0, 1.0, 0.0, 0.0, 1.0, 0.0, 0.0, 0.0, 0.0, 1.0, 0.0, 0.0, 0.0, 0.0, 0.0, 0.0, 1.0]
[416.0, 1172.0]
sol: [0.0, 0.0, 1.0, 0.0, 0.0, 0.0, 0.0, 1.0, 1.0, 0.0, 0.0, 0.0, 1.0, 0.0, 0.0, 0.0, 0.0, 1.0, 0.0, 0.0]
[405.0, 1173.0]
sol: [0.0, 0.0, 1.0, 0.0, 1.0, 1.0, 0.0, 1.0, 0.0, 0.0, 0.0, 0.0, 0.0, 0.0, 0.0, 0.0, 0.0, 1.0, 0.0, 0.0]
[393.0, 1186.0]
sol: [0.0, 0.0, 1.0, 1.0, 1.0, 1.0, 0.0, 1.0, 0.0, 0.0, 0.0, 0.0, 0.0, 0.0, 0.0, 0.0, 0.0, 0.0, 0.0, 0.0]
[391.0, 1200.0]
sol: [0.0, 0.0, 1.0, 0.0, 0.0, 0.0, 0.0, 1.0, 1.0, 0.0, 0.0, 0.0, 0.0, 0.0, 0.0, 0.0, 0.0, 0.0, 1.0, 1.0]
[378.0, 1224.0]
sol: [0.0, 0.0, 1.0, 0.0, 1.0, 0.0, 0.0, 1.0, 0.0, 0.0, 0.0, 0.0, 1.0, 0.0, 0.0, 0.0, 0.0, 1.0, 0.0, 0.0]
[365.0, 1233.0]
sol: [0.0, 1.0, 0.0, 0.0, 1.0, 0.0, 0.0, 1.0, 0.0, 1.0, 0.0, 0.0, 0.0, 0.0, 0.0, 0.0, 0.0, 1.0, 0.0, 0.0]
[364.0, 1242.0]
sol: [0.0, 0.0, 1.0, 0.0, 1.0, 0.0, 0.0, 1.0, 0.0, 0.0, 1.0, 0.0, 0.0, 0.0, 0.0, 0.0, 0.0, 1.0, 0.0, 0.0]
[341.0, 1261.0]
sol: [1.0, 1.0, 0.0, 0.0, 1.0, 0.0, 0.0, 1.0, 0.0, 0.0, 0.0, 0.0, 0.0, 0.0, 0.0, 0.0, 0.0, 1.0, 0.0, 0.0]
[312.0, 1278.0]
sol: [1.0, 0.0, 1.0, 0.0, 0.0, 0.0, 0.0, 0.0, 1.0, 0.0, 0.0, 0.0, 0.0, 0.0, 0.0, 0.0, 0.0, 0.0, 1.0, 1.0]
[288.0, 1307.0]
sol: [1.0, 1.0, 0.0, 0.0, 0.0, 0.0, 0.0, 1.0, 0.0, 1.0, 0.0, 0.0, 0.0, 0.0, 0.0, 0.0, 0.0, 1.0, 0.0, 0.0]
[230.0, 1343.0]
sol: [1.0, 0.0, 1.0, 0.0, 0.0, 1.0, 0.0, 0.0, 1.0, 0.0, 0.0, 0.0, 0.0, 0.0, 0.0, 0.0, 0.0, 0.0, 1.0, 0.0]
[218.0, 1352.0]
sol: [1.0, 1.0, 0.0, 0.0, 0.0, 0.0, 0.0, 1.0, 1.0, 0.0, 0.0, 0.0, 0.0, 0.0, 0.0, 0.0, 0.0, 1.0, 0.0, 0.0]
[182.0, 1357.0]
sol: [1.0, 0.0, 1.0, 0.0, 0.0, 1.0, 0.0, 0.0, 1.0, 1.0, 0.0, 0.0, 0.0, 0.0, 0.0, 0.0, 0.0, 0.0, 0.0, 0.0]
[180.0, 1369.0]
sol: [1.0, 0.0, 0.0, 0.0, 0.0, 0.0, 0.0, 1.0, 1.0, 0.0, 1.0, 0.0, 0.0, 0.0, 0.0, 0.0, 0.0, 1.0, 0.0, 0.0]
total nodes: 3833
pruned nodes: 1917
heuristic time 1.3215
Set parameter Username
Set parameter LicenseID to value 2587732
Academic license - for non-commercial use only - expires 2025-11-20
Set parameter Username
Set parameter LicenseID to value 2587732
Academic license - for non-commercial use only - expires 2025-11-20
Set parameter Username
Set parameter LicenseID to value 2587732
Academic license - for non-commercial use only - expires 2025-11-20
warm up ...
total time 4.065356016159058
2 non dominated sols 
[161.0, 90.0]
sol: [0.0, 0.0, 1.0, 1.0, 0.0]
[126.0, 120.0]
sol: [1.0, 0.0, 0.0, 1.0, 0.0]
heuristic iters 6 with time(s) 1.4423
root LBS : [(y=[-272.6815534190159, -233.37338765795005]; λ=[1.0, 0.0]; is_integer=false; x = Set([[0.2168070856066117, 0.3189660986911528, 0.45535573454926087, 0.7678162496217074, 0.2410548315312672]]) )
 , 
(y=[-265.74352046692684, -239.31526025997022]; λ=[0.75, 0.25]; is_integer=false; x = Set([[0.3459480761110364, 0.2720885884153119, 0.4122484033477627, 0.721610260491626, 0.24810467163426414]]) )
 , 
(y=[-256.30980489900384, -242.8367011796064]; λ=[0.5, 0.5]; is_integer=false; x = Set([[0.457949446359988, 0.2254456140342129, 0.40573576444767817, 0.6697704668290786, 0.24109870832904234]]) )
 , 
(y=[-243.28890179702125, -243.8732620601394]; λ=[0.25, 0.75]; is_integer=false; x = Set([[0.5630611531398121, 0.17452627906453183, 0.4182420312007866, 0.6138594651722694, 0.2303110714225991]]) )
 , 
] size=4

total time 45.016424894332886
2 non dominated sols 
[161.0, 90.0]
sol: [0.0, 0.0, 1.0, 1.0, 0.0]
[126.0, 120.0]
sol: [1.0, 0.0, 0.0, 1.0, 0.0]
total nodes: 15
pruned nodes: 8
heuristic time 1.4423


solving ./instances/QKP_20_100_75	 with 	 bb_heur_preproc1
heuristic iters 17 with time(s) 1.7313
root LBS : [(y=[-1832.881538096466, -2007.3464282567631]; λ=[0.0, 1.0]; is_integer=false; x = Set([[0.6843878829269457, 0.09358673145677836, 0.028922997193093353, 0.22147490067441658, 3.236300347514648e-7, 0.11159378439641121, 0.07346488035325015, 0.03964084223178627, 0.2865405297709331, 0.08548987496244033, 0.019175909944865153, 0.4232328260391963, 0.023190308565153552, 0.038940523026480836, 0.2776078230604188, 0.4719669574578551, 0.4427863780748589, 0.29457457909103407, 0.16824891312628168, 0.21517303401610435]]) )
 , 
] size=1

total time 4.197148084640503
18 non dominated sols 
[663.0, 295.0]
sol: [1.0, 1.0, 0.0, 0.0, 0.0, 0.0, 0.0, 0.0, 0.0, 0.0, 0.0, 0.0, 0.0, 0.0, 0.0, 0.0, 1.0, 0.0, 0.0, 1.0]
[636.0, 310.0]
sol: [1.0, 1.0, 0.0, 0.0, 0.0, 0.0, 0.0, 0.0, 0.0, 0.0, 0.0, 0.0, 0.0, 0.0, 1.0, 0.0, 0.0, 0.0, 0.0, 1.0]
[620.0, 330.0]
sol: [1.0, 1.0, 0.0, 1.0, 0.0, 0.0, 0.0, 0.0, 0.0, 0.0, 0.0, 0.0, 0.0, 0.0, 0.0, 0.0, 1.0, 0.0, 0.0, 0.0]
[603.0, 338.0]
sol: [1.0, 1.0, 0.0, 0.0, 0.0, 0.0, 0.0, 0.0, 0.0, 0.0, 0.0, 1.0, 0.0, 0.0, 1.0, 0.0, 0.0, 0.0, 0.0, 0.0]
[602.0, 434.0]
sol: [1.0, 0.0, 0.0, 1.0, 0.0, 0.0, 0.0, 0.0, 0.0, 0.0, 0.0, 0.0, 0.0, 0.0, 0.0, 1.0, 0.0, 0.0, 0.0, 1.0]
[582.0, 450.0]
sol: [1.0, 0.0, 0.0, 1.0, 0.0, 0.0, 0.0, 0.0, 0.0, 0.0, 0.0, 0.0, 0.0, 0.0, 1.0, 1.0, 0.0, 0.0, 0.0, 0.0]
[570.0, 459.0]
sol: [1.0, 0.0, 0.0, 0.0, 0.0, 0.0, 0.0, 0.0, 0.0, 0.0, 0.0, 1.0, 0.0, 0.0, 1.0, 1.0, 0.0, 0.0, 0.0, 0.0]
[555.0, 477.0]
sol: [1.0, 0.0, 0.0, 0.0, 0.0, 1.0, 0.0, 0.0, 0.0, 0.0, 0.0, 0.0, 0.0, 0.0, 0.0, 0.0, 1.0, 0.0, 0.0, 1.0]
[552.0, 500.0]
sol: [1.0, 0.0, 0.0, 0.0, 0.0, 0.0, 0.0, 0.0, 0.0, 0.0, 0.0, 0.0, 0.0, 0.0, 1.0, 1.0, 0.0, 0.0, 0.0, 1.0]
[524.0, 521.0]
sol: [1.0, 0.0, 0.0, 1.0, 0.0, 0.0, 0.0, 0.0, 0.0, 0.0, 0.0, 0.0, 0.0, 0.0, 0.0, 1.0, 1.0, 0.0, 0.0, 0.0]
[517.0, 550.0]
sol: [1.0, 0.0, 0.0, 1.0, 0.0, 1.0, 0.0, 0.0, 0.0, 0.0, 0.0, 0.0, 0.0, 0.0, 0.0, 1.0, 0.0, 0.0, 0.0, 0.0]
[501.0, 573.0]
sol: [1.0, 0.0, 0.0, 0.0, 0.0, 0.0, 0.0, 0.0, 0.0, 0.0, 0.0, 0.0, 0.0, 0.0, 0.0, 1.0, 1.0, 0.0, 0.0, 1.0]
[480.0, 632.0]
sol: [1.0, 0.0, 0.0, 0.0, 0.0, 1.0, 0.0, 0.0, 0.0, 0.0, 0.0, 0.0, 0.0, 0.0, 0.0, 1.0, 0.0, 0.0, 0.0, 1.0]
[447.0, 652.0]
sol: [1.0, 0.0, 0.0, 0.0, 0.0, 0.0, 0.0, 0.0, 0.0, 0.0, 0.0, 0.0, 0.0, 0.0, 1.0, 1.0, 0.0, 1.0, 0.0, 0.0]
[431.0, 716.0]
sol: [1.0, 0.0, 0.0, 0.0, 0.0, 0.0, 0.0, 0.0, 0.0, 0.0, 0.0, 0.0, 0.0, 0.0, 1.0, 1.0, 0.0, 0.0, 1.0, 0.0]
[343.0, 746.0]
sol: [1.0, 0.0, 0.0, 0.0, 0.0, 0.0, 0.0, 0.0, 0.0, 1.0, 0.0, 1.0, 0.0, 0.0, 0.0, 1.0, 0.0, 0.0, 0.0, 0.0]
[340.0, 792.0]
sol: [1.0, 0.0, 0.0, 0.0, 0.0, 0.0, 0.0, 0.0, 0.0, 0.0, 0.0, 0.0, 0.0, 0.0, 0.0, 1.0, 1.0, 1.0, 0.0, 0.0]
[303.0, 837.0]
sol: [1.0, 0.0, 0.0, 0.0, 0.0, 0.0, 0.0, 0.0, 0.0, 0.0, 0.0, 0.0, 0.0, 0.0, 0.0, 1.0, 1.0, 0.0, 1.0, 0.0]
total nodes: 805
pruned nodes: 403
heuristic time 1.7313
Set parameter Username
Set parameter LicenseID to value 2587732
Academic license - for non-commercial use only - expires 2025-11-20
Set parameter Username
Set parameter LicenseID to value 2587732
Academic license - for non-commercial use only - expires 2025-11-20
Set parameter Username
Set parameter LicenseID to value 2587732
Academic license - for non-commercial use only - expires 2025-11-20
warm up ...
total time 3.936244010925293
2 non dominated sols 
[161.0, 90.0]
sol: [0.0, 0.0, 1.0, 1.0, 0.0]
[126.0, 120.0]
sol: [1.0, 0.0, 0.0, 1.0, 0.0]
heuristic iters 7 with time(s) 1.1522
root LBS : [(y=[-272.6815534190159, -233.37338765795005]; λ=[1.0, 0.0]; is_integer=false; x = Set([[0.2168070856066117, 0.3189660986911528, 0.45535573454926087, 0.7678162496217074, 0.2410548315312672]]) )
 , 
(y=[-265.74352046692684, -239.31526025997022]; λ=[0.75, 0.25]; is_integer=false; x = Set([[0.3459480761110364, 0.2720885884153119, 0.4122484033477627, 0.721610260491626, 0.24810467163426414]]) )
 , 
(y=[-256.30980489900384, -242.8367011796064]; λ=[0.5, 0.5]; is_integer=false; x = Set([[0.457949446359988, 0.2254456140342129, 0.40573576444767817, 0.6697704668290786, 0.24109870832904234]]) )
 , 
(y=[-243.28890179702125, -243.8732620601394]; λ=[0.25, 0.75]; is_integer=false; x = Set([[0.5630611531398121, 0.17452627906453183, 0.4182420312007866, 0.6138594651722694, 0.2303110714225991]]) )
 , 
] size=4

total time 35.74273991584778
2 non dominated sols 
[161.0, 90.0]
sol: [0.0, 0.0, 1.0, 1.0, 0.0]
[126.0, 120.0]
sol: [1.0, 0.0, 0.0, 1.0, 0.0]
total nodes: 15
pruned nodes: 8
heuristic time 1.1522


solving ./instances/QKP_20_100_100	 with 	 bb_heur_preproc1
heuristic iters 14 with time(s) 1.1549
root LBS : [(y=[-1937.3961845206989, -1842.8766880683283]; λ=[1.0, 0.0]; is_integer=false; x = Set([[0.3461905986547704, 0.14232468279428856, 0.29843890846643867, 0.26022967964355526, 0.23775335099852854, 0.4226904672054263, 0.20326816416378515, 0.14672226584926878, 0.17738885940745544, 0.06478619484140154, 0.14070211958666173, 0.05817231406201301, 0.19841359832901106, 0.19077536398211067, 0.07689393349697295, 0.45592184555373916, 0.06978279415840626, 0.04437646578095612, 0.30047530608835116, 0.16469308693686477]]) )
 , 
(y=[-1923.4892973926621, -1860.188619226661]; λ=[0.75, 0.25]; is_integer=false; x = Set([[0.3208114786672864, 0.1737286252707765, 0.31594634973014807, 0.2702191120770312, 0.21649338536932228, 0.42626715803914206, 0.18681496637976297, 0.13797979166673102, 0.19261750649259365, 0.06364135835642833, 0.12863252359228872, 0.09264304864285831, 0.16830199010064842, 0.21409661958012308, 0.0671271730446114, 0.4454050041596058, 0.08230201937306629, 0.05473365977029667, 0.24034626303496817, 0.20189196665230313]]) )
 , 
(y=[-1905.6795244833888, -1871.688085395153]; λ=[0.5, 0.5]; is_integer=false; x = Set([[0.2938628690443071, 0.20126005456347043, 0.333266863336559, 0.2766094600283586, 0.19407005315651515, 0.4326241219875214, 0.17294650373327602, 0.13077715703801793, 0.21089147227414656, 0.06022955850617461, 0.1169801875456676, 0.12260182488684983, 0.13875396528626663, 0.2395645203983758, 0.05979308916160902, 0.4345055699571792, 0.09509772513264692, 0.06588011381003177, 0.18161425088113511, 0.2386706392718905]]) )
 , 
(y=[-1884.483241789277, -1878.6892010829845]; λ=[0.25, 0.75]; is_integer=false; x = Set([[0.2658207653957044, 0.22558987552239465, 0.35079864161573454, 0.28028644114594414, 0.16983694286721376, 0.44107632987373613, 0.16144013670495608, 0.1250319863693803, 0.23273482331154216, 0.05505337431168562, 0.10518340602028134, 0.14877706472151447, 0.10913054947456192, 0.2663200490257175, 0.05442202625064311, 0.4230531427483154, 0.10844672127908661, 0.07776906836573025, 0.12375429777627225, 0.27547435721958446]]) )
 , 
(y=[-1859.9848725614522, -1881.9398973371935]; λ=[0.0, 1.0]; is_integer=false; x = Set([[0.23694424300165245, 0.24713600257212495, 0.36886415933733063, 0.28188058678516736, 0.14275594470773284, 0.4511623511534612, 0.1521383059764922, 0.12081245694908888, 0.2587073312925503, 0.04840138661835313, 0.09281061326304181, 0.17165874287614438, 0.07880516724568867, 0.2938662860753388, 0.05065361042612271, 0.41113940080526423, 0.12268371073481246, 0.09052316747859987, 0.06648075312589279, 0.3125757795751499]]) )
 , 
] size=5

total time 12.611227989196777
37 non dominated sols 
[791.0, 176.0]
sol: [0.0, 0.0, 1.0, 0.0, 0.0, 1.0, 0.0, 0.0, 0.0, 0.0, 1.0, 0.0, 0.0, 0.0, 0.0, 0.0, 0.0, 0.0, 1.0, 0.0]
[768.0, 206.0]
sol: [0.0, 0.0, 0.0, 0.0, 0.0, 1.0, 0.0, 0.0, 0.0, 0.0, 1.0, 0.0, 0.0, 0.0, 0.0, 1.0, 0.0, 0.0, 1.0, 0.0]
[721.0, 244.0]
sol: [1.0, 0.0, 0.0, 0.0, 0.0, 1.0, 0.0, 0.0, 0.0, 0.0, 1.0, 0.0, 0.0, 0.0, 0.0, 0.0, 0.0, 0.0, 1.0, 0.0]
[717.0, 265.0]
sol: [0.0, 0.0, 1.0, 0.0, 0.0, 1.0, 1.0, 0.0, 0.0, 0.0, 1.0, 0.0, 0.0, 0.0, 0.0, 0.0, 0.0, 0.0, 0.0, 0.0]
[705.0, 269.0]
sol: [1.0, 0.0, 0.0, 0.0, 0.0, 0.0, 0.0, 0.0, 0.0, 0.0, 1.0, 0.0, 0.0, 0.0, 0.0, 1.0, 0.0, 0.0, 1.0, 0.0]
[700.0, 270.0]
sol: [0.0, 0.0, 0.0, 0.0, 1.0, 1.0, 0.0, 0.0, 0.0, 0.0, 0.0, 0.0, 0.0, 0.0, 0.0, 1.0, 0.0, 0.0, 1.0, 0.0]
[690.0, 277.0]
sol: [1.0, 0.0, 0.0, 0.0, 0.0, 1.0, 1.0, 0.0, 0.0, 0.0, 1.0, 0.0, 0.0, 0.0, 0.0, 0.0, 0.0, 0.0, 0.0, 0.0]
[688.0, 315.0]
sol: [0.0, 0.0, 0.0, 0.0, 0.0, 1.0, 0.0, 0.0, 0.0, 0.0, 1.0, 0.0, 1.0, 0.0, 0.0, 1.0, 0.0, 0.0, 0.0, 0.0]
[647.0, 327.0]
sol: [0.0, 0.0, 1.0, 0.0, 0.0, 1.0, 0.0, 0.0, 0.0, 0.0, 0.0, 0.0, 1.0, 1.0, 0.0, 0.0, 0.0, 0.0, 0.0, 0.0]
[645.0, 346.0]
sol: [1.0, 0.0, 0.0, 0.0, 0.0, 1.0, 1.0, 0.0, 0.0, 0.0, 0.0, 0.0, 1.0, 0.0, 0.0, 0.0, 0.0, 0.0, 0.0, 0.0]
[632.0, 360.0]
sol: [0.0, 1.0, 0.0, 0.0, 1.0, 1.0, 0.0, 0.0, 0.0, 0.0, 0.0, 0.0, 0.0, 0.0, 0.0, 0.0, 0.0, 0.0, 1.0, 0.0]
[621.0, 371.0]
sol: [1.0, 0.0, 1.0, 0.0, 0.0, 0.0, 0.0, 0.0, 0.0, 0.0, 1.0, 0.0, 0.0, 0.0, 0.0, 1.0, 0.0, 0.0, 0.0, 0.0]
[619.0, 378.0]
sol: [0.0, 0.0, 0.0, 0.0, 1.0, 1.0, 0.0, 0.0, 0.0, 0.0, 0.0, 0.0, 1.0, 0.0, 0.0, 1.0, 0.0, 0.0, 0.0, 0.0]
[610.0, 379.0]
sol: [0.0, 0.0, 0.0, 0.0, 0.0, 1.0, 0.0, 0.0, 0.0, 0.0, 0.0, 0.0, 1.0, 0.0, 0.0, 1.0, 0.0, 0.0, 0.0, 1.0]
[605.0, 391.0]
sol: [1.0, 0.0, 0.0, 0.0, 0.0, 1.0, 0.0, 0.0, 0.0, 0.0, 1.0, 0.0, 0.0, 0.0, 0.0, 1.0, 0.0, 0.0, 0.0, 0.0]
[599.0, 402.0]
sol: [0.0, 0.0, 0.0, 0.0, 1.0, 1.0, 0.0, 0.0, 0.0, 0.0, 0.0, 0.0, 0.0, 1.0, 0.0, 0.0, 0.0, 0.0, 1.0, 0.0]
[598.0, 405.0]
sol: [0.0, 1.0, 0.0, 0.0, 0.0, 1.0, 0.0, 1.0, 0.0, 0.0, 0.0, 0.0, 0.0, 0.0, 0.0, 1.0, 0.0, 0.0, 0.0, 0.0]
[594.0, 434.0]
sol: [0.0, 0.0, 0.0, 0.0, 1.0, 1.0, 0.0, 0.0, 0.0, 0.0, 1.0, 0.0, 0.0, 0.0, 0.0, 1.0, 0.0, 0.0, 0.0, 0.0]
[567.0, 450.0]
sol: [0.0, 0.0, 0.0, 0.0, 1.0, 1.0, 0.0, 1.0, 0.0, 0.0, 0.0, 0.0, 0.0, 0.0, 0.0, 1.0, 0.0, 0.0, 0.0, 0.0]
[554.0, 481.0]
sol: [0.0, 0.0, 0.0, 0.0, 0.0, 1.0, 0.0, 0.0, 0.0, 0.0, 0.0, 0.0, 1.0, 1.0, 0.0, 0.0, 0.0, 0.0, 0.0, 1.0]
[541.0, 482.0]
sol: [0.0, 0.0, 1.0, 0.0, 0.0, 1.0, 0.0, 0.0, 0.0, 0.0, 0.0, 0.0, 0.0, 0.0, 0.0, 0.0, 0.0, 0.0, 1.0, 1.0]
[529.0, 489.0]
sol: [0.0, 0.0, 0.0, 0.0, 0.0, 1.0, 0.0, 0.0, 0.0, 0.0, 0.0, 0.0, 0.0, 1.0, 0.0, 0.0, 0.0, 0.0, 1.0, 1.0]
[525.0, 511.0]
sol: [0.0, 0.0, 0.0, 0.0, 1.0, 1.0, 0.0, 0.0, 0.0, 0.0, 0.0, 0.0, 0.0, 0.0, 0.0, 0.0, 0.0, 0.0, 1.0, 1.0]
[501.0, 529.0]
sol: [0.0, 0.0, 1.0, 0.0, 0.0, 1.0, 1.0, 0.0, 0.0, 0.0, 0.0, 0.0, 0.0, 0.0, 0.0, 0.0, 0.0, 0.0, 0.0, 1.0]
[498.0, 533.0]
sol: [0.0, 1.0, 0.0, 0.0, 0.0, 1.0, 1.0, 0.0, 0.0, 0.0, 0.0, 0.0, 0.0, 0.0, 0.0, 0.0, 0.0, 0.0, 0.0, 1.0]
[487.0, 538.0]
sol: [0.0, 0.0, 0.0, 0.0, 1.0, 1.0, 1.0, 0.0, 0.0, 0.0, 0.0, 0.0, 0.0, 0.0, 0.0, 0.0, 0.0, 0.0, 0.0, 1.0]
[482.0, 544.0]
sol: [0.0, 0.0, 1.0, 0.0, 0.0, 1.0, 0.0, 0.0, 0.0, 0.0, 0.0, 0.0, 0.0, 1.0, 0.0, 0.0, 0.0, 0.0, 0.0, 1.0]
[481.0, 566.0]
sol: [1.0, 1.0, 0.0, 0.0, 0.0, 0.0, 0.0, 1.0, 0.0, 0.0, 0.0, 0.0, 0.0, 0.0, 0.0, 1.0, 0.0, 0.0, 0.0, 0.0]
[448.0, 586.0]
sol: [0.0, 1.0, 0.0, 0.0, 0.0, 1.0, 0.0, 0.0, 0.0, 0.0, 0.0, 0.0, 0.0, 1.0, 0.0, 0.0, 0.0, 0.0, 0.0, 1.0]
[447.0, 592.0]
sol: [0.0, 1.0, 0.0, 0.0, 1.0, 1.0, 0.0, 0.0, 0.0, 0.0, 0.0, 0.0, 0.0, 0.0, 0.0, 0.0, 0.0, 0.0, 0.0, 1.0]
[416.0, 607.0]
sol: [0.0, 0.0, 1.0, 0.0, 0.0, 1.0, 0.0, 0.0, 0.0, 0.0, 0.0, 1.0, 0.0, 0.0, 0.0, 0.0, 0.0, 0.0, 0.0, 1.0]
[407.0, 613.0]
sol: [0.0, 0.0, 1.0, 0.0, 0.0, 1.0, 0.0, 0.0, 1.0, 0.0, 0.0, 0.0, 0.0, 0.0, 0.0, 0.0, 0.0, 0.0, 0.0, 1.0]
[399.0, 640.0]
sol: [0.0, 0.0, 0.0, 0.0, 1.0, 1.0, 0.0, 0.0, 0.0, 0.0, 0.0, 0.0, 0.0, 1.0, 0.0, 0.0, 0.0, 0.0, 0.0, 1.0]
[368.0, 667.0]
sol: [0.0, 0.0, 0.0, 0.0, 0.0, 1.0, 0.0, 0.0, 1.0, 0.0, 0.0, 0.0, 0.0, 1.0, 0.0, 0.0, 0.0, 0.0, 0.0, 1.0]
[361.0, 672.0]
sol: [0.0, 1.0, 1.0, 0.0, 0.0, 0.0, 0.0, 0.0, 0.0, 0.0, 0.0, 0.0, 0.0, 1.0, 0.0, 0.0, 0.0, 0.0, 0.0, 1.0]
[357.0, 681.0]
sol: [0.0, 0.0, 1.0, 0.0, 0.0, 0.0, 1.0, 0.0, 0.0, 0.0, 0.0, 0.0, 0.0, 1.0, 0.0, 0.0, 0.0, 0.0, 0.0, 1.0]
[330.0, 691.0]
sol: [0.0, 0.0, 1.0, 0.0, 0.0, 0.0, 0.0, 0.0, 1.0, 0.0, 0.0, 0.0, 0.0, 1.0, 0.0, 0.0, 0.0, 0.0, 0.0, 1.0]
total nodes: 3945
pruned nodes: 1973
heuristic time 1.1549
Set parameter Username
Set parameter LicenseID to value 2587732
Academic license - for non-commercial use only - expires 2025-11-20
Set parameter Username
Set parameter LicenseID to value 2587732
Academic license - for non-commercial use only - expires 2025-11-20
Set parameter Username
Set parameter LicenseID to value 2587732
Academic license - for non-commercial use only - expires 2025-11-20
